<?xml version="1.0" encoding="UTF-8"?>
<!-- Generated by org.testng.reporters.JUnitReportReporter -->
<testsuite hostname="szhbanov" name="Step2.tests" tests="2" failures="0" timestamp="5 Aug 2013 11:08:54 GMT" time="35.240" errors="0">
  <testcase name="login_logout" time="12.587" classname="Step2.tests"/>
  <testcase name="login_sendemail" time="22.653" classname="Step2.tests"/>
</testsuite> <!-- Step2.tests -->
