<?xml version="1.0" encoding="UTF-8"?>
<!-- Generated by org.testng.reporters.JUnitReportReporter -->
<testsuite hostname="szhbanov" name="Step3.Tests.tests" tests="2" failures="0" timestamp="5 Aug 2013 11:08:54 GMT" time="32.073" errors="0">
  <testcase name="login_logout" time="13.083" classname="Step3.Tests.tests"/>
  <testcase name="login_sendemail" time="18.990" classname="Step3.Tests.tests"/>
</testsuite> <!-- Step3.Tests.tests -->
