<?xml version="1.0" encoding="UTF-8"?>
<!-- Generated by org.testng.reporters.JUnitReportReporter -->
<testsuite hostname="szhbanov" name="Step1.tests" tests="2" failures="0" timestamp="5 Aug 2013 11:08:54 GMT" time="54.285" errors="0">
  <testcase name="login_logout" time="34.776" classname="Step1.tests"/>
  <testcase name="login_sendemail" time="19.509" classname="Step1.tests"/>
</testsuite> <!-- Step1.tests -->
