<?xml version="1.0" encoding="UTF-8"?>
<!-- Generated by org.testng.reporters.JUnitReportReporter -->
<testsuite hostname="szhbanov" name="Step4.Tests.tests" tests="1" failures="0" timestamp="5 Aug 2013 12:52:17 GMT" time="15.042" errors="0">
  <testcase name="semechka_search" time="15.042" classname="Step4.Tests.tests"/>
</testsuite> <!-- Step4.Tests.tests -->
