<?xml version="1.0" encoding="UTF-8"?>
<!-- Generated by org.testng.reporters.JUnitReportReporter -->
<testsuite hostname="szhbanov" name="Step1.tests" tests="2" failures="0" timestamp="5 Aug 2013 11:23:48 GMT" time="34.735" errors="0">
  <testcase name="login_logout" time="17.421" classname="Step1.tests"/>
  <testcase name="login_sendemail" time="17.314" classname="Step1.tests"/>
</testsuite> <!-- Step1.tests -->
